<?xml version="1.0" encoding="UTF-8"?>
<!-- Generated by org.testng.reporters.JUnitReportReporter -->
<testsuite hostname="DESKTOP-NMABQN2" failures="0" tests="2" name="com.juaracoding.ujianmiggu7.StepDefinition" time="58.440" errors="0" timestamp="2022-04-10T01:18:39 WIB" skipped="0">
  <testcase classname="com.juaracoding.ujianmiggu7.StepDefinition" name="testAddExpense" time="34.057"/>
  <system-out/>
  <testcase classname="com.juaracoding.ujianmiggu7.StepDefinition" name="testAddIncome" time="24.383"/>
  <system-out/>
</testsuite> <!-- com.juaracoding.ujianmiggu7.StepDefinition -->
